[15:20:23] (STEAM_1:1:33259592 | 192.168.56.1) 詐欺遊戲 [TW]         has joined
[15:20:36] [STEAM_1:1:33259592] [Infected ] 詐欺遊戲 [TW]         : !load dc
--=================================================================--
[05/03/2019 15:21:17] --- Map: l4d_vs_airport01_greenhouse ---
--=================================================================--
[15:21:23] [] [         ] Console                   : Loading Pub.cfg 
--=================================================================--
[05/03/2019 15:21:28] --- Map: l4d_vs_airport01_greenhouse ---
--=================================================================--
[15:24:29] (STEAM_1:1:33259592 | 192.168.56.1) 詐欺遊戲 [TW]         has joined
[15:24:36] [STEAM_1:1:33259592] [Infected ] 詐欺遊戲 [TW]         : !load dc
--=================================================================--
[05/03/2019 15:24:45] --- Map: l4d_vs_airport01_greenhouse ---
--=================================================================--
[15:24:47] (STEAM_1:1:33259592 | 192.168.56.1) 詐欺遊戲 [TW]         has joined
[15:24:52] [STEAM_1:1:33259592] [Survivor ] 詐欺遊戲 [TW]         : (TEAM) /admin
[15:24:58] [STEAM_1:1:33259592] [Survivor ] 詐欺遊戲 [TW]         : (TEAM) /admin
--=================================================================--
[05/03/2019 15:26:16] --- Map: l4d_vs_airport01_greenhouse ---
--=================================================================--
[15:26:22] [] [         ] Console                   : Loading Pub.cfg 
--=================================================================--
[05/03/2019 15:26:27] --- Map: l4d_vs_airport01_greenhouse ---
--=================================================================--
[15:27:40] (STEAM_1:1:33259592 | 192.168.56.1) 詐欺遊戲 [TW]         has joined
[15:27:55] [STEAM_1:1:33259592] [Infected ] 詐欺遊戲 [TW]         : !load dc
--=================================================================--
[05/03/2019 15:28:04] --- Map: l4d_vs_airport01_greenhouse ---
--=================================================================--
[15:28:06] (STEAM_1:1:33259592 | 192.168.56.1) 詐欺遊戲 [TW]         has joined
[15:28:24] [STEAM_1:1:33259592] [Survivor ] 詐欺遊戲 [TW]         : (TEAM) /admin
[15:28:32] [STEAM_1:1:33259592] [Survivor ] 詐欺遊戲 [TW]         : (TEAM) /admin
[15:28:59] [STEAM_1:1:33259592] [Survivor ] 詐欺遊戲 [TW]         : !hp
[15:41:58] [STEAM_1:1:33259592] [Survivor ] 詐欺遊戲 [TW]         : !restartmap
--=================================================================--
[05/03/2019 15:42:03] --- Map: l4d_vs_airport01_greenhouse ---
--=================================================================--
[15:42:05] (STEAM_1:1:33259592 | 192.168.56.1) 詐欺遊戲 [TW]         has joined
[15:42:35] [STEAM_1:1:33259592] [Survivor ] 詐欺遊戲 [TW]         : (TEAM) /admin
[15:42:39] [STEAM_1:1:33259592] [Survivor ] 詐欺遊戲 [TW]         : (TEAM) /admin
[15:42:52] [STEAM_1:1:33259592] [Survivor ] 詐欺遊戲 [TW]         : !load dc
--=================================================================--
[05/03/2019 15:43:00] --- Map: l4d_vs_airport01_greenhouse ---
--=================================================================--
[15:43:03] (STEAM_1:1:33259592 | 192.168.56.1) 詐欺遊戲 [TW]         has joined
[15:43:06] [STEAM_1:1:33259592] [Survivor ] 詐欺遊戲 [TW]         : (TEAM) /admin
[15:43:07] [STEAM_1:1:33259592] [Survivor ] 詐欺遊戲 [TW]         : (TEAM) /admin
[15:43:14] [STEAM_1:1:33259592] [Survivor ] 詐欺遊戲 [TW]         : (TEAM) /admin
[15:43:36] [STEAM_1:1:33259592] [Survivor ] 詐欺遊戲 [TW]         : !hp
[15:43:37] [STEAM_1:1:33259592] [Survivor ] 詐欺遊戲 [TW]         : !s
[15:44:11] [STEAM_1:1:33259592] [Survivor ] 詐欺遊戲 [TW]         : (TEAM) /admin
[15:44:21] [STEAM_1:1:33259592] [Survivor ] 詐欺遊戲 [TW]         : (TEAM) /admin
[15:48:28] [STEAM_1:1:33259592] [Spectator] 詐欺遊戲 [TW]         : !sur
[15:49:10] [STEAM_1:1:33259592] [Spectator] 詐欺遊戲 [TW]         : !sur
[15:55:18] [STEAM_1:1:33259592] [Survivor ] 詐欺遊戲 [TW]         : h
[15:55:19] [STEAM_1:1:33259592] [Survivor ] 詐欺遊戲 [TW]         : h
[15:56:41] [STEAM_1:1:33259592] [Survivor ] 詐欺遊戲 [TW]         : !s
[15:56:43] [STEAM_1:1:33259592] [Spectator] 詐欺遊戲 [TW]         : !hp
[15:56:55] [STEAM_1:1:33259592] [Survivor ] 詐欺遊戲 [TW]         : (TEAM) /admin
[15:57:15] [STEAM_1:1:33259592] [Survivor ] 詐欺遊戲 [TW]         : !hp
[15:57:15] [STEAM_1:1:33259592] [Survivor ] 詐欺遊戲 [TW]         : !s
[15:57:51] [STEAM_1:1:33259592] [Survivor ] 詐欺遊戲 [TW]         : !hp
[15:57:52] [STEAM_1:1:33259592] [Survivor ] 詐欺遊戲 [TW]         : !s
[15:57:57] [STEAM_1:1:33259592] [Survivor ] 詐欺遊戲 [TW]         : (TEAM) /admin
[15:58:50] [STEAM_1:1:33259592] [Survivor ] 詐欺遊戲 [TW]         : !hp
[15:59:12] [STEAM_1:1:33259592] [Survivor ] 詐欺遊戲 [TW]         : !s
[15:59:15] [STEAM_1:1:33259592] [Survivor ] 詐欺遊戲 [TW]         : (TEAM) /admin
[15:59:25] [STEAM_1:1:33259592] [Survivor ] 詐欺遊戲 [TW]         : !s
[15:59:32] [STEAM_1:1:33259592] [Survivor ] 詐欺遊戲 [TW]         : (TEAM) /admin
[15:59:33] [STEAM_1:1:33259592] [Survivor ] 詐欺遊戲 [TW]         : (TEAM) /admin
[16:00:07] [STEAM_1:1:33259592] [Survivor ] 詐欺遊戲 [TW]         : (TEAM) /admin
[16:00:16] [STEAM_1:1:33259592] [Survivor ] 詐欺遊戲 [TW]         : !hp
[16:00:17] [STEAM_1:1:33259592] [Survivor ] 詐欺遊戲 [TW]         : !s
[16:00:46] (STEAM_1:1:33259592 | 192.168.56.1) 詐欺遊戲 [TW]         has left
--=================================================================--
[05/03/2019 18:06:28] --- Map: l4d_vs_airport01_greenhouse ---
--=================================================================--
[18:06:36] [] [         ] Console                   : Loading Pub.cfg 
--=================================================================--
[05/03/2019 18:06:41] --- Map: l4d_vs_airport01_greenhouse ---
--=================================================================--
[18:08:41] (STEAM_1:1:33259592 | 192.168.56.1) 詐欺遊戲 [TW]         has joined
[18:16:07] [STEAM_1:1:33259592] [Survivor ] 詐欺遊戲 [TW]         : !load 4v4
--=================================================================--
[05/03/2019 18:16:15] --- Map: l4d_vs_airport01_greenhouse ---
--=================================================================--
[18:16:18] (STEAM_1:1:33259592 | 192.168.56.1) 詐欺遊戲 [TW]         has joined
[18:17:47] [STEAM_1:1:33259592] [Spectator] 詐欺遊戲 [TW]         : !forcestart
[18:17:48] [STEAM_1:1:33259592] [Spectator] 詐欺遊戲 [TW]         : (TEAM) /admin
[18:18:09] [STEAM_1:1:33259592] [Spectator] 詐欺遊戲 [TW]         : !cm nm
--=================================================================--
[05/03/2019 18:18:19] --- Map: l4d_vs_hospital01_apartment ---
--=================================================================--
[18:18:26] (STEAM_1:1:33259592 | 192.168.56.1) 詐欺遊戲 [TW]         has joined
[18:18:29] [STEAM_1:1:33259592] [Spectator] 詐欺遊戲 [TW]         : /spectate
[18:18:41] [STEAM_1:1:33259592] [Spectator] 詐欺遊戲 [TW]         : !forcestart
[18:18:42] [STEAM_1:1:33259592] [Spectator] 詐欺遊戲 [TW]         : (TEAM) /admin
[18:18:53] [STEAM_1:1:33259592] [Spectator] 詐欺遊戲 [TW]         : !restartmap
--=================================================================--
[05/03/2019 18:18:59] --- Map: l4d_vs_hospital01_apartment ---
--=================================================================--
[18:19:01] (STEAM_1:1:33259592 | 192.168.56.1) 詐欺遊戲 [TW]         has joined
[18:19:03] [STEAM_1:1:33259592] [Spectator] 詐欺遊戲 [TW]         : /spectate
[18:19:54] [STEAM_1:1:33259592] [Spectator] 詐欺遊戲 [TW]         : !forcestart
[18:19:57] [STEAM_1:1:33259592] [Spectator] 詐欺遊戲 [TW]         : (TEAM) /admin
[18:19:59] [STEAM_1:1:33259592] [Spectator] 詐欺遊戲 [TW]         : (TEAM) /admin
[18:20:24] [STEAM_1:1:33259592] [Spectator] 詐欺遊戲 [TW]         : !inf
[18:20:28] [STEAM_1:1:33259592] [Spectator] 詐欺遊戲 [TW]         : !inf
[18:21:48] [STEAM_1:1:33259592] [Infected ] 詐欺遊戲 [TW]         : !sur
[18:21:59] [STEAM_1:1:33259592] [Survivor ] 詐欺遊戲 [TW]         : !sur
[18:22:02] [STEAM_1:1:33259592] [Survivor ] 詐欺遊戲 [TW]         : !s
[18:22:20] [STEAM_1:1:33259592] [Spectator] 詐欺遊戲 [TW]         : !sur
[18:22:23] [STEAM_1:1:33259592] [Survivor ] 詐欺遊戲 [TW]         : (TEAM) /admin
[18:22:30] [STEAM_1:1:33259592] [Survivor ] 詐欺遊戲 [TW]         : !s
[18:22:46] [STEAM_1:1:33259592] [Spectator] 詐欺遊戲 [TW]         : (TEAM) /admin
[18:22:49] [STEAM_1:1:33259592] [Spectator] 詐欺遊戲 [TW]         : (TEAM) /admin
[18:22:59] [STEAM_1:1:33259592] [Spectator] 詐欺遊戲 [TW]         : (TEAM) /admin
[18:23:02] [STEAM_1:1:33259592] [Spectator] 詐欺遊戲 [TW]         : (TEAM) /admin
[18:23:56] [STEAM_1:1:33259592] [Spectator] 詐欺遊戲 [TW]         : !forcestart
[18:24:04] [STEAM_1:1:33259592] [Spectator] 詐欺遊戲 [TW]         : !restartmap
--=================================================================--
[05/03/2019 18:24:09] --- Map: l4d_vs_hospital01_apartment ---
--=================================================================--
[18:24:12] (STEAM_1:1:33259592 | 192.168.56.1) 詐欺遊戲 [TW]         has joined
[18:25:52] [STEAM_1:1:33259592] [Infected ] 詐欺遊戲 [TW]         : !forcestart
[18:26:02] [STEAM_1:1:33259592] [Infected ] 詐欺遊戲 [TW]         : (TEAM) /admin
[18:38:51] [STEAM_1:1:33259592] [Survivor ] 詐欺遊戲 [TW]         : !restartmap
--=================================================================--
[05/03/2019 18:39:00] --- Map: l4d_vs_hospital01_apartment ---
--=================================================================--
[18:39:05] (STEAM_1:1:33259592 | 192.168.56.1) 詐欺遊戲 [TW]         has joined
[18:39:17] [STEAM_1:1:33259592] [Infected ] 詐欺遊戲 [TW]         : (TEAM) |Molotov| over here!
[18:39:20] [STEAM_1:1:33259592] [Infected ] 詐欺遊戲 [TW]         : !sur
[18:39:39] [STEAM_1:1:33259592] [Survivor ] 詐欺遊戲 [TW]         : !forcestart
[18:40:42] [STEAM_1:1:33259592] [Survivor ] 詐欺遊戲 [TW]         : !load dc
--=================================================================--
[05/03/2019 18:40:52] --- Map: l4d_vs_hospital01_apartment ---
--=================================================================--
[18:40:55] (STEAM_1:1:33259592 | 192.168.56.1) 詐欺遊戲 [TW]         has joined
[18:41:06] [STEAM_1:1:33259592] [Survivor ] 詐欺遊戲 [TW]         : !load 4v4
--=================================================================--
[05/03/2019 18:41:15] --- Map: l4d_vs_hospital01_apartment ---
--=================================================================--
[18:41:18] (STEAM_1:1:33259592 | 192.168.56.1) 詐欺遊戲 [TW]         has joined
[18:41:52] [STEAM_1:1:33259592] [Survivor ] 詐欺遊戲 [TW]         : !load dc
--=================================================================--
[05/03/2019 18:42:01] --- Map: l4d_vs_hospital01_apartment ---
--=================================================================--
[18:42:04] (STEAM_1:1:33259592 | 192.168.56.1) 詐欺遊戲 [TW]         has joined
[18:42:25] [STEAM_1:1:33259592] [Survivor ] 詐欺遊戲 [TW]         : (TEAM) /admin
[18:42:52] [STEAM_1:1:33259592] [Survivor ] 詐欺遊戲 [TW]         : (TEAM) /admin
[18:43:25] [STEAM_1:1:33259592] [Survivor ] 詐欺遊戲 [TW]         : (TEAM) /admin
[18:43:36] [STEAM_1:1:33259592] [Survivor ] 詐欺遊戲 [TW]         : (TEAM) /admin
[18:43:42] [STEAM_1:1:33259592] [Survivor ] 詐欺遊戲 [TW]         : (TEAM) /admin
[18:44:03] [STEAM_1:1:33259592] [Survivor ] 詐欺遊戲 [TW]         : !s
[18:44:04] [STEAM_1:1:33259592] [Spectator] 詐欺遊戲 [TW]         : !sur
[18:44:13] [STEAM_1:1:33259592] [Survivor ] 詐欺遊戲 [TW]         : (TEAM) /admin
[18:44:25] [STEAM_1:1:33259592] [Survivor ] 詐欺遊戲 [TW]         : !hp
[18:44:50] [STEAM_1:1:33259592] [Survivor ] 詐欺遊戲 [TW]         : (TEAM) /admin
[18:44:52] [STEAM_1:1:33259592] [Survivor ] 詐欺遊戲 [TW]         : (TEAM) /admin
[18:44:56] [STEAM_1:1:33259592] [Survivor ] 詐欺遊戲 [TW]         : (TEAM) /admin
[18:45:08] [STEAM_1:1:33259592] [Survivor ] 詐欺遊戲 [TW]         : (TEAM) /admin
[18:45:12] [STEAM_1:1:33259592] [Survivor ] 詐欺遊戲 [TW]         : !hp
[18:45:17] [STEAM_1:1:33259592] [Survivor ] 詐欺遊戲 [TW]         : !restartmap
--=================================================================--
[05/03/2019 18:45:23] --- Map: l4d_vs_hospital01_apartment ---
--=================================================================--
[18:45:32] (STEAM_1:1:33259592 | 192.168.56.1) 詐欺遊戲 [TW]         has joined
[18:45:38] [STEAM_1:1:33259592] [Survivor ] 詐欺遊戲 [TW]         : (TEAM) /admin
[18:45:39] [STEAM_1:1:33259592] [Survivor ] 詐欺遊戲 [TW]         : (TEAM) /admin
[18:45:44] [STEAM_1:1:33259592] [Survivor ] 詐欺遊戲 [TW]         : (TEAM) /admin
[18:46:02] (STEAM_1:1:33259592 | 192.168.56.1) 詐欺遊戲 [TW]         has left
[18:46:09] (STEAM_1:1:33259592 | 192.168.56.1) 詐欺遊戲 [TW]         has joined
[18:46:16] [STEAM_1:1:33259592] [Survivor ] 詐欺遊戲 [TW]         : !load 4v4
--=================================================================--
[05/03/2019 18:46:24] --- Map: l4d_vs_hospital01_apartment ---
--=================================================================--
[18:46:27] (STEAM_1:1:33259592 | 192.168.56.1) 詐欺遊戲 [TW]         has joined
[19:15:13] (STEAM_1:1:33259592 | 192.168.56.1) 詐欺遊戲 [TW]         has left
